<testConfig>
    <deployConfig>deploy-vyos.xml</deployConfig>
    <deployConfigTemplate>deploy-ipsec.tmpt</deployConfigTemplate>
    <pingTestTarget>zstack.yyk.net</pingTestTarget>
</testConfig>
