<testConfig>
    <deployConfig>deploy-flat-network.xml</deployConfig>
    <deployConfigTemplate>../deploy.tmpt</deployConfigTemplate>
    <pingTestTarget>zstack.yyk.net</pingTestTarget>
</testConfig>
