<!--test local storage as primary storage -->
<testConfig>
    <deployConfig>deploy-local-nfs.xml</deployConfig>
    <deployConfigTemplate>deploy-local-nfs.tmpt</deployConfigTemplate>
    <pingTestTarget>zstack.org</pingTestTarget>
</testConfig>
