<testConfig>
    <deployConfig>deploy_multi_node.xml</deployConfig>
    <deployConfigTemplate>../deploy.tmpt</deployConfigTemplate>
    <pingTestTarget>zstack.yyk.net</pingTestTarget>
</testConfig>
