<testConfig>
    <deployConfig>deploy-local-ps.xml</deployConfig>
    <deployConfigTemplate>deploy-local-ps.tmpt</deployConfigTemplate>
    <pingTestTarget>zstack.yyk.net</pingTestTarget>
</testConfig>
