<testConfig>
    <deployConfig>deploy.xml</deployConfig>
    <deployConfigTemplate>deploy.tmpt</deployConfigTemplate>
</testConfig>
