<testConfig>
    <deployConfig>deploy-imagestore-nfs.xml</deployConfig>
    <deployConfigTemplate>deploy-imagestore-nfs.tmpt</deployConfigTemplate>
    <pingTestTarget>zstack.org</pingTestTarget>
</testConfig>
